   0.020
   0.583
   0.003
  -0.425
   0.234
  -1.839
  -1.240
  -1.295
  -0.569
  -0.788
  -0.560
  -0.042
   0.261
  -0.042
  -1.037
   0.115
  -0.654
   1.108
   0.193
  -0.466
  -0.558
  -1.438
  -0.317
  -1.558
  -0.052
  -2.240
  -1.530
   1.080
   1.168
   0.975
  -2.116
  -1.796
  -1.744
  -1.990
  -0.075
  -0.803
  -0.330
  -0.842
  -1.172
   1.638
   0.156
  -1.487
   0.680
  -1.252
  -0.910
   0.724
  -1.533
  -1.060
  -1.178
   0.801
   0.991
  -0.825
   0.796
  -2.519
  -1.389
   0.047
  -1.525
  -0.966
  -1.111
  -0.670
  -1.110
  -2.845
  -1.744
  -2.077
  -0.735
  -3.026
  -2.078
  -0.020
  -0.795
   1.355
  -1.056
  -3.656
   0.128
  -0.586
  -1.042
  -1.936
  -0.689
   0.193
   0.035
  -0.124
   0.496
   0.154
  -0.961
   0.453
   0.756
   2.268
   0.459
  -0.572
   1.710
   1.336
   0.088
  -0.519
   2.279
  -0.938
   0.150
   1.083
  -0.243
   0.621
   1.301
   0.390
  -0.503
   0.149
   0.634
   1.851
  -0.345
   2.175
  -0.233
   2.000
   2.755
   1.854
   0.343
   2.179
   1.647
   0.961
   0.291
   0.078
   0.333
   2.828
   0.995
   0.933
   0.036
   0.864
   0.281
  -0.124
   0.721
   0.199
   0.844
   0.651
   0.098
   1.366
   1.475
  -1.883
   0.732
   0.845
   0.802
   2.364
   1.202
   0.726
   0.395
   1.804
  -0.449
   0.860
   0.548
   0.746
   0.801
  -0.096
  -0.130
   0.941
   0.090
   2.287
   1.137
  -0.388
   1.155
   0.326
   0.696
   1.908
   1.187
  -0.745
   0.570
  -0.461
   0.889
  -0.265
  -1.923
  -3.888
  -1.189
  -1.423
  -1.463
   1.427
  -0.697
  -0.004
  -1.878
  -0.315
  -1.562
  -2.609
  -1.384
  -1.128
  -2.166
   0.350
  -1.023
  -2.607
  -3.497
  -0.257
  -0.198
  -0.319
  -1.845
  -1.787
  -0.258
  -1.217
  -0.760
  -0.046
   0.435
  -1.419
  -0.769
  -0.319
  -1.166
   0.443
  -1.557
  -0.032
  -0.917
   0.797
  -0.350
  -1.124
  -0.781
  -1.772
   0.182
  -0.707
  -0.802
  -0.152
  -0.097
  -1.061
  -1.846
   0.420
  -0.331
  -0.639
   0.039
  -1.108
   0.716
  -1.067
  -1.122
  -0.740
  -1.228
  -1.030
  -0.729
  -1.538
  -0.380
  -0.729
   1.198
  -1.004
  -1.393
  -1.462
  -0.094
  -0.141
  -1.285
   0.580
  -1.791
  -1.013
  -0.453
   0.048
  -0.672
   1.683
   1.539
   0.643
   0.722
   0.670
   0.834
   1.638
   1.793
   1.506
   0.727
  -0.348
  -0.498
   1.450
  -0.160
   0.733
   2.422
   1.682
   1.401
   1.451
   1.962
   1.941
   0.316
   0.056
   0.329
   1.040
   3.268
   1.219
   1.058
   1.970
   1.793
   0.098
  -1.375
   3.305
   0.260
   0.061
   1.765
  -0.520
   0.124
  -1.049
   1.354
  -0.364
   0.443
   1.142
   0.138
   2.652
   0.196
  -1.295
   1.139
   1.212
   1.286
  -0.362
  -0.154
   0.295
   1.321
   0.281
   1.761
   1.268
   1.102
  -0.333
  -1.434
   0.620
   1.874
   1.377
  -0.430
   1.199
   0.478
   0.927
  -0.849
  -0.690
   0.044
   1.396
  -0.202
   0.190
   1.349
  -0.562
  -0.621
  -0.888
   0.895
  -0.892
  -1.869
  -1.234
  -0.420
  -0.588
  -0.269
   0.287
  -0.731
  -1.583
  -3.081
  -0.999
  -0.521
  -0.856
  -0.821
  -2.090
  -0.863
  -3.249
  -2.961
  -3.308
  -0.653
  -0.778
  -0.766
   0.321
  -2.591
  -1.046
  -1.668
  -1.924
  -0.378
  -1.490
  -2.122
  -0.232
  -1.391
  -0.966
   0.069
  -1.017
  -1.003
  -0.188
   1.111
  -2.082
   1.257
   0.643
   0.143
   0.319
  -1.457
   0.180
   0.902
  -0.046
  -1.721
  -0.465
  -1.569
  -1.421
  -1.275
   0.632
   1.353
  -0.389
   0.873
  -0.818
  -0.673
   0.965
   1.896
   0.956
  -2.824
  -0.747
  -0.121
  -0.122
  -1.289
   2.397
  -2.243
  -0.323
  -1.208
  -0.582
  -0.198
  -0.850
   0.055
  -1.720
  -0.988
   0.436
  -1.162
   0.642
  -0.281
  -0.807
   0.517
  -0.159
   2.442
   0.879
   2.529
   0.025
   2.142
   1.094
   1.894
   0.698
   2.465
   3.451
   0.609
   0.526
   3.541
   0.295
   1.264
   0.772
  -0.166
   0.946
   1.222
  -0.929
   2.399
   1.357
  -1.471
   1.147
   3.260
   0.003
   1.003
   2.566
  -1.626
   1.978
   2.542
   2.089
  -0.802
   1.173
   0.129
   1.805
   1.352
  -0.291
   0.018
  -0.917
  -0.426
  -0.379
  -0.095
  -0.401
  -0.972
  -0.114
  -0.670
  -0.258
  -1.028
   1.189
   1.053
   1.011
  -1.255
   0.072
  -0.481
  -0.082
   0.403
   0.751
  -0.933
   1.190
   1.252
   1.149
  -0.706
   0.174
  -0.037
  -0.813
  -0.933
  -0.171
  -1.194
  -1.593
  -0.496
  -0.347
   0.550
   1.238
  -1.727
  -0.250
   0.043
  -1.675
  -1.133
  -0.731
  -1.150
  -0.216
   0.657
   0.878
  -1.318
  -1.609
  -0.275
  -1.548
  -1.435
  -0.643
  -2.322
   0.048
  -1.824
  -1.140
  -2.110
  -1.176
  -2.311
  -3.263
  -2.052
  -0.889
  -2.897
  -0.718
   0.498
  -1.421
  -0.259
  -1.268
   0.087
  -1.020
  -2.920
  -1.127
   0.730
  -0.587
  -1.116
   0.024
  -1.636
   1.618
  -1.010
   0.587
   0.429
  -0.165
  -1.045
   0.374
   0.295
   0.318
  -1.491
   0.449
   0.304
   0.421
   0.426
  -0.215
  -0.891
   0.764
  -0.709
  -0.511
   0.410
   2.089
   0.930
   1.418
   0.033
   0.063
   0.785
   0.591
   0.539
   0.711
  -0.042
   0.259
   0.293
   1.948
   0.229
   0.433
   1.179
   1.201
   1.223
  -1.252
   0.398
   0.323
   0.440
   0.969
   1.581
   1.132
   0.324
   0.622
  -0.653
   0.069
   2.405
   1.145
  -0.360
   0.904
   1.500
   1.644
   0.066
   0.857
   2.722
   4.332
   1.364
   0.090
   0.550
   0.507
   0.983
   2.171
   2.954
  -0.938
   0.870
   1.277
   0.595
   0.507
   0.407
   2.089
   0.948
  -0.239
   2.177
   1.136
  -1.198
  -1.151
   0.018
   0.291
  -1.469
   0.946
   0.057
   0.455
  -1.926
  -2.273
  -0.284
  -0.776
   0.177
  -1.568
  -0.391
  -3.472
  -1.824
  -0.357
  -2.450
  -1.882
  -1.120
  -0.195
   0.496
  -1.634
  -1.647
   1.164
   1.957
  -0.911
  -0.976
   0.242
   0.450
  -1.726
   1.051
  -1.975
  -0.847
  -2.481
   0.720
   0.303
   0.365
  -1.399
  -0.035
  -1.883
  -0.324
   1.058
   0.042
  -1.447
   0.810
  -1.245
  -0.922
   0.263
  -2.028
  -0.479
  -0.804
  -2.096
  -0.985
  -0.809
  -0.641
  -0.858
   0.025
  -0.562
  -1.406
  -1.173
  -0.406
  -2.131
  -0.482
  -1.473
  -1.017
  -2.631
   0.059
  -2.230
  -0.743
  -0.933
   0.512
  -0.472
   0.558
  -0.504
  -0.789
   0.797
  -0.898
  -1.842
  -2.258
   1.210
   0.810
  -0.088
   1.446
   2.066
   0.820
   0.112
   3.726
   0.162
   1.374
   0.285
  -1.169
   0.766
   0.588
   1.734
   0.977
   0.532
   2.361
   0.459
  -0.336
  -0.071
  -0.404
  -0.451
   1.353
   0.328
   1.202
   0.980
  -0.974
   0.248
  -0.317
  -0.125
   1.979
   2.236
   1.391
  -1.724
   1.439
   1.313
   1.853
  -0.086
  -1.213
  -0.840
   1.534
   1.881
   1.571
  -0.164
   1.029
   1.452
  -0.035
   1.549
   0.393
   0.655
  -0.114
   1.768
  -0.111
   1.297
  -0.012
  -0.265
   0.445
   1.752
   0.797
   0.933
   1.301
   1.562
   1.063
   0.938
   0.301
   2.221
  -1.108
  -0.967
   0.620
   0.528
  -0.255
   1.088
  -1.033
  -0.819
   0.967
  -1.449
   0.682
  -0.319
  -0.071
  -0.632
  -0.181
   0.135
  -2.186
  -2.285
  -0.069
  -1.267
  -2.192
   0.076
  -2.003
  -0.871
  -1.834
  -0.975
  -2.915
  -2.774
  -0.302
  -2.594
   0.092
   0.560
  -1.835
  -1.080
  -0.510
  -1.581
  -0.256
  -1.875
  -1.760
   0.673
   0.190
  -1.361
  -1.442
  -0.453
   0.117
  -0.023
   0.251
  -0.979
  -0.470
  -0.477
   1.282
   0.664
  -1.064
  -0.293
   0.297
  -0.177
  -0.480
   0.260
  -0.450
  -0.576
   1.124
  -1.266
   0.201
  -0.436
  -0.664
  -0.895
  -0.062
   0.526
  -1.017
  -0.516
  -0.106
  -0.978
  -1.493
  -0.747
   1.001
  -2.101
  -1.040
  -1.379
  -0.519
  -1.788
  -0.096
  -2.289
   1.032
  -0.640
   1.083
  -0.908
  -0.566
   0.218
   0.380
  -0.209
   1.495
   0.076
   0.126
   0.236
  -0.039
   2.565
   0.973
   1.491
   0.018
   0.135
   0.682
   0.203
   1.695
   1.801
   2.239
  -0.019
   3.461
   1.961
   1.844
   2.091
   1.693
   1.420
   1.185
   2.325
  -0.096
  -1.818
  -0.345
   0.006
   0.510
   1.783
   0.428
  -0.137
   2.594
   1.585
   1.345
   0.003
   1.106
   1.572
  -1.092
  -0.587
  -1.119
   0.896
  -0.449
  -0.454
  -1.220
   0.517
   0.163
   0.696
   1.732
   0.644
   0.760
  -0.385
  -0.555
  -0.271
  -0.358
   1.183
   0.333
  -0.326
  -1.427
   0.824
  -1.160
   0.751
   0.804
  -0.903
  -0.939
   0.017
   1.098
  -0.780
  -0.619
  -0.495
   0.658
   1.269
   1.346
   1.517
  -1.474
  -1.193
   0.366
   0.787
  -0.126
  -1.665
  -1.739
  -2.524
   0.031
  -0.873
  -0.619
  -0.902
  -1.430
  -1.051
   0.423
   0.392
  -1.185
  -0.984
  -1.495
  -1.003
  -2.071
  -0.376
  -1.211
  -0.710
  -2.936
  -2.314
  -1.207
   0.644
  -2.986
  -1.832
  -1.364
  -2.200
  -0.854
  -1.441
  -0.781
  -0.803
  -2.241
  -0.416
  -1.990
   0.524
  -0.947
   0.144
   0.711
   0.804
  -1.152
  -1.319
   0.018
  -0.436
   0.231
   0.334
  -0.061
   1.907
  -2.330
  -0.732
   1.040
  -0.735
   1.075
  -1.006
   0.889
   2.030
  -0.160
   1.329
  -1.240
   0.272
  -0.570
   1.449
   0.274
   0.160
  -1.936
   0.813
   1.022
   1.043
   0.584
   0.649
   0.228
   2.011
   0.139
   0.768
  -0.156
   2.188
   1.166
   0.633
  -0.822
  -1.336
   1.007
   0.548
   2.278
  -0.184
   0.079
   1.472
   0.690
   0.909
  -0.093
   0.068
   2.401
   2.190
   2.479
   0.383
   1.094
   1.981
   1.394
   0.676
   1.622
   1.876
   1.280
   2.619
   2.666
   2.384
   1.824
   0.579
  -1.132
   3.397
   1.159
   2.056
   1.890
   2.478
   1.409
   0.691
   0.280
  -0.998
