   0.094
   0.704
   0.167
  -0.218
   0.482
  -1.552
  -0.915
  -0.935
  -0.176
  -0.363
  -0.105
   0.441
   0.771
   0.491
  -0.481
   0.691
  -0.060
   1.717
   0.816
   0.168
   0.086
  -0.787
   0.338
  -0.901
   0.605
  -1.586
  -0.880
   1.724
   1.803
   1.601
  -1.502
  -1.194
  -1.156
  -1.415
   0.485
  -0.257
   0.202
  -0.322
  -0.663
   2.138
   0.647
  -1.001
   1.163
  -0.769
  -0.424
   1.215
  -1.032
  -0.547
  -0.649
   1.348
   1.559
  -0.233
   1.413
  -1.874
  -0.716
   0.748
  -0.794
  -0.208
  -0.327
   0.139
  -0.281
  -1.999
  -0.886
  -1.212
   0.131
  -2.165
  -1.230
   0.807
   0.004
   2.117
  -0.339
  -2.993
   0.728
  -0.057
  -0.591
  -1.571
  -0.417
   0.366
   0.103
  -0.165
   0.343
  -0.114
  -1.345
  -0.047
   0.141
   1.541
  -0.378
  -1.512
   0.672
   0.207
  -1.125
  -1.806
   0.926
  -2.345
  -1.301
  -0.401
  -1.749
  -0.896
  -0.216
  -1.116
  -1.988
  -1.305
  -0.781
   0.483
  -1.659
   0.921
  -1.423
   0.876
   1.701
   0.869
  -0.573
   1.329
   0.861
   0.233
  -0.384
  -0.551
  -0.256
   2.269
   0.458
   0.409
  -0.485
   0.338
  -0.260
  -0.688
   0.125
  -0.436
   0.162
  -0.083
  -0.693
   0.514
   0.561
  -2.860
  -0.308
  -0.255
  -0.354
   1.155
  -0.053
  -0.567
  -0.928
   0.462
  -1.800
  -0.488
  -0.786
  -0.561
  -0.466
  -1.310
  -1.279
  -0.130
  -0.892
   1.405
   0.366
  -1.040
   0.631
  -0.063
   0.447
   1.803
   1.228
  -0.557
   0.905
   0.017
   1.508
   0.489
  -1.040
  -2.884
  -0.073
  -0.205
  -0.154
   2.816
   0.762
   1.511
  -0.318
   1.277
   0.050
  -0.988
   0.235
   0.479
  -0.581
   1.905
   0.496
  -1.131
  -2.069
   1.120
   1.124
   0.948
  -0.633
  -0.628
   0.849
  -0.158
   0.255
   0.931
   1.380
  -0.501
   0.129
   0.567
  -0.286
   1.325
  -0.667
   0.873
   0.010
   1.750
   0.634
  -0.104
   0.277
  -0.673
   1.322
   0.476
   0.422
   1.112
   1.204
   0.274
  -0.484
   1.806
   1.073
   0.775
   1.457
   0.305
   2.117
   0.313
   0.229
   0.573
   0.040
   0.184
   0.425
  -0.452
   0.631
   0.201
   2.042
  -0.250
  -0.734
  -0.900
   0.368
   0.219
  -1.028
   0.735
  -1.737
  -1.061
  -0.599
  -0.195
  -1.008
   1.257
   1.027
   0.049
   0.051
  -0.074
   0.021
   0.761
   0.858
   0.517
  -0.312
  -1.432
  -1.623
   0.288
  -1.354
  -0.490
   1.174
   0.412
   0.114
   0.148
   0.646
   0.615
  -1.018
  -1.282
  -1.012
  -0.302
   1.927
  -0.118
  -0.273
   0.646
   0.478
  -1.206
  -2.666
   2.027
  -1.003
  -1.185
   0.538
  -1.729
  -1.064
  -2.217
   0.207
  -1.489
  -0.659
   0.061
  -0.921
   1.614
  -0.822
  -2.293
   0.159
   0.250
   0.340
  -1.294
  -1.073
  -0.613
   0.423
  -0.609
   0.878
   0.391
   0.230
  -1.201
  -2.297
  -0.240
   1.019
   0.529
  -1.271
   0.367
  -0.342
   0.122
  -1.635
  -1.453
  -0.692
   0.692
  -0.868
  -0.433
   0.776
  -1.079
  -1.077
  -1.277
   0.580
  -1.127
  -2.019
  -1.294
  -0.387
  -0.456
  -0.036
   0.623
  -0.290
  -1.036
  -2.430
  -0.245
   0.333
   0.095
   0.222
  -0.960
   0.346
  -1.968
  -1.616
  -1.908
   0.792
   0.702
   0.738
   1.839
  -1.071
   0.467
  -0.173
  -0.458
   1.050
  -0.109
  -0.795
   1.032
  -0.195
   0.157
   1.115
  -0.052
  -0.119
   0.616
   1.834
  -1.436
   1.829
   1.145
   0.582
   0.702
  -1.123
   0.474
   1.164
   0.194
  -1.494
  -0.242
  -1.340
  -1.178
  -1.009
   0.929
   1.687
  -0.012
   1.299
  -0.340
  -0.140
   1.554
   2.542
   1.656
  -2.072
   0.053
   0.721
   0.755
  -0.384
   3.321
  -1.309
   0.609
  -0.287
   0.315
   0.664
  -0.034
   0.813
  -1.030
  -0.376
   0.959
  -0.736
   0.964
  -0.070
  -0.713
   0.491
  -0.307
   2.170
   0.484
   2.014
  -0.607
   1.399
   0.246
   0.950
  -0.334
   1.356
   2.276
  -0.621
  -0.747
   2.239
  -1.024
  -0.058
  -0.540
  -1.457
  -0.312
   0.009
  -2.087
   1.304
   0.334
  -2.414
   0.288
   2.490
  -0.675
   0.417
   2.073
  -2.027
   1.665
   2.313
   1.940
  -0.878
   1.163
   0.177
   1.903
   1.491
  -0.120
   0.211
  -0.710
  -0.216
  -0.173
   0.098
  -0.229
  -0.828
  -0.004
  -0.597
  -0.228
  -1.043
   1.127
   0.943
   0.854
  -1.457
  -0.173
  -0.765
  -0.401
   0.054
   0.379
  -1.322
   0.792
   0.851
   0.755
  -1.088
  -0.186
  -0.369
  -1.109
  -1.187
  -0.376
  -1.344
  -1.684
  -0.523
  -0.307
   0.659
   1.418
  -1.475
   0.073
   0.436
  -1.214
  -0.607
  -0.144
  -0.505
   0.481
   1.401
   1.663
  -0.499
  -0.761
   0.594
  -0.664
  -0.544
   0.250
  -1.435
   0.924
  -0.966
  -0.306
  -1.305
  -0.404
  -1.576
  -2.569
  -1.403
  -0.288
  -2.346
  -0.218
   0.945
  -1.028
   0.081
  -0.984
   0.317
  -0.842
  -2.796
  -1.054
   0.752
  -0.613
  -1.190
  -0.096
  -1.800
   1.411
  -1.258
   0.299
   0.104
  -0.525
  -1.438
  -0.051
  -0.161
  -0.165
  -2.000
  -0.084
  -0.252
  -0.155
  -0.168
  -0.825
  -1.514
   0.129
  -1.353
  -1.162
  -0.245
   1.432
   0.273
   0.764
  -0.617
  -0.581
   0.150
  -0.034
  -0.075
   0.110
  -0.630
  -0.316
  -0.267
   1.402
  -0.304
  -0.087
   0.670
   0.702
   0.732
  -1.737
  -0.084
  -0.160
  -0.045
   0.478
   1.081
   0.619
  -0.204
   0.075
  -1.221
  -0.523
   1.788
   0.500
  -1.033
   0.203
   0.770
   0.886
  -0.718
   0.049
   1.893
   3.486
   0.506
  -0.775
  -0.317
  -0.353
   0.135
   1.343
   2.155
  -1.700
   0.153
   0.614
  -0.006
  -0.022
  -0.044
   1.724
   0.676
  -0.412
   2.109
   1.177
  -1.045
  -0.883
   0.402
   0.791
  -0.854
   1.674
   0.893
   1.395
  -0.887
  -1.144
   0.929
   0.511
   1.529
  -0.161
   1.060
  -1.988
  -0.318
   1.159
  -0.934
  -0.376
   0.365
   1.260
   1.911
  -0.266
  -0.333
   2.419
   3.147
   0.213
   0.078
   1.227
   1.366
  -0.876
   1.837
  -1.247
  -0.172
  -1.852
   1.310
   0.862
   0.902
  -0.875
   0.486
  -1.357
   0.217
   1.622
   0.639
  -0.812
   1.492
  -0.511
  -0.131
   1.114
  -1.115
   0.497
   0.236
  -0.997
   0.172
   0.400
   0.613
   0.435
   1.347
   0.780
  -0.055
   0.175
   0.928
  -0.824
   0.785
  -0.258
   0.133
  -1.559
   1.041
  -1.348
   0.028
  -0.282
   1.035
  -0.083
   0.808
  -0.399
  -0.830
   0.609
  -1.233
  -2.320
  -2.877
   0.456
  -0.073
  -1.091
   0.330
   0.848
  -0.490
  -1.278
   2.268
  -1.353
  -0.186
  -1.307
  -2.781
  -0.854
  -1.031
   0.127
  -0.609
  -1.023
   0.842
  -1.017
  -1.764
  -1.447
  -1.727
  -1.718
   0.141
  -0.831
   0.095
  -0.080
  -1.989
  -0.729
  -1.261
  -1.043
   1.081
   1.350
   0.511
  -2.606
   0.549
   0.408
   0.927
  -1.039
  -2.197
  -1.860
   0.476
   0.783
   0.431
  -1.346
  -0.195
   0.188
  -1.336
   0.215
  -0.970
  -0.731
  -1.517
   0.354
  -1.528
  -0.116
  -1.412
  -1.645
  -0.906
   0.438
  -0.471
  -0.282
   0.148
   0.476
   0.052
   0.008
  -0.543
   1.467
  -1.768
  -1.529
   0.159
   0.168
  -0.513
   0.933
  -1.086
  -0.771
   1.113
  -1.207
   1.017
   0.107
   0.441
  -0.039
   0.491
   0.879
  -1.374
  -1.409
   0.866
  -0.277
  -1.153
   1.160
  -0.878
   0.290
  -0.641
   0.247
  -1.667
  -1.505
   0.986
  -1.290
   1.408
   1.886
  -0.502
   0.259
   0.831
  -0.240
   1.084
  -0.538
  -0.429
   1.997
   1.505
  -0.057
  -0.150
   0.825
   1.380
   1.222
   1.479
   0.229
   0.718
   0.691
   2.429
   1.789
   0.039
   0.788
   1.356
   0.861
   0.537
   1.258
   0.530
   0.386
   2.070
  -0.334
   1.120
   0.472
   0.235
  -0.005
   0.821
   1.403
  -0.145
   0.352
   0.758
  -0.119
  -0.639
   0.102
   1.843
  -1.269
  -0.220
  -0.574
   0.267
  -1.025
   0.640
  -1.585
   1.697
  -0.017
   1.656
  -0.391
  -0.110
   0.606
   0.695
   0.026
   1.646
   0.136
   0.092
   0.104
  -0.272
   2.229
   0.532
   0.944
  -0.633
  -0.619
  -0.172
  -0.749
   0.652
   0.671
   1.030
  -1.301
   2.116
   0.561
   0.399
   0.611
   0.189
  -0.097
  -0.335
   0.813
  -1.591
  -3.284
  -1.773
  -1.375
  -0.816
   0.519
  -0.767
  -1.260
   1.549
   0.619
   0.461
  -0.800
   0.383
   0.926
  -1.663
  -1.090
  -1.559
   0.512
  -0.783
  -0.748
  -1.482
   0.277
  -0.063
   0.473
   1.503
   0.402
   0.495
  -0.682
  -0.889
  -0.648
  -0.784
   0.705
  -0.200
  -0.916
  -2.073
   0.123
  -1.913
  -0.049
  -0.038
  -1.781
  -1.844
  -0.908
   0.164
  -1.713
  -1.540
  -1.392
  -0.205
   0.453
   0.587
   0.827
  -2.086
  -1.716
  -0.060
   0.465
  -0.337
  -1.759
  -1.713
  -2.376
   0.303
  -0.478
  -0.105
  -0.271
  -0.687
  -0.203
   1.367
   1.423
  -0.075
   0.192
  -0.265
   0.269
  -0.770
   0.943
   0.110
   0.602
  -1.645
  -1.056
   0.006
   1.802
  -1.892
  -0.810
  -0.420
  -1.342
  -0.085
  -0.762
  -0.195
  -0.310
  -1.839
  -0.103
  -1.761
   0.674
  -0.871
   0.154
   0.663
   0.706
  -1.291
  -1.489
  -0.175
  -0.642
   0.021
   0.129
  -0.253
   1.736
  -2.474
  -0.843
   0.968
  -0.765
   1.090
  -0.944
   0.998
   2.187
   0.042
   1.574
  -0.955
   0.592
  -0.221
   1.821
   0.663
   0.558
  -1.536
   1.208
   1.404
   1.403
   0.916
   0.945
   0.481
   2.216
   0.289
   0.859
  -0.129
   2.148
   1.056
   0.453
  -1.074
  -1.659
   0.614
   0.087
   1.752
  -0.772
  -0.566
   0.775
  -0.054
   0.125
  -0.913
  -0.779
   1.532
   1.306
   1.588
  -0.509
   0.207
   1.105
   0.537
  -0.158
   0.816
   1.103
   0.545
   1.925
   2.018
   1.783
   1.272
   0.079
  -1.579
   3.004
   0.820
   1.771
   1.659
   2.301
   1.285
   0.618
   0.258
  -0.971
